

Started GET "/assets/rails.png" for 127.0.0.1 at 2014-01-06 15:23:22 -0500
Served asset /rails.png - 200 OK (14ms)
  [1m[36m (8.6ms)[0m  [1mselect sqlite_version(*)[0m
  [1m[35m (1.8ms)[0m  CREATE TABLE "schema_migrations" ("version" varchar(255) NOT NULL) 
  [1m[36m (0.0ms)[0m  [1mPRAGMA index_list("schema_migrations")[0m
  [1m[35m (1.4ms)[0m  CREATE UNIQUE INDEX "unique_schema_migrations" ON "schema_migrations" ("version")
  [1m[36m (0.1ms)[0m  [1mSELECT "schema_migrations"."version" FROM "schema_migrations" [0m
Migrating to CreatePosts (20140106200230)
  [1m[35m (0.0ms)[0m  begin transaction
  [1m[36m (0.6ms)[0m  [1mCREATE TABLE "posts" ("id" INTEGER PRIMARY KEY AUTOINCREMENT NOT NULL, "body" text, "title" varchar(255), "created_at" datetime NOT NULL, "updated_at" datetime NOT NULL) [0m
  [1m[35m (0.1ms)[0m  INSERT INTO "schema_migrations" ("version") VALUES ('20140106200230')
  [1m[36m (1.0ms)[0m  [1mcommit transaction[0m
  [1m[35m (0.3ms)[0m  select sqlite_version(*)
  [1m[36m (0.1ms)[0m  [1mSELECT "schema_migrations"."version" FROM "schema_migrations" [0m
  [1m[35m (0.0ms)[0m  PRAGMA index_list("posts")


Started GET "/assets/rails.png" for 127.0.0.1 at 2014-01-06 15:24:11 -0500
Served asset /rails.png - 304 Not Modified (1ms)


Started GET "/posts" for 127.0.0.1 at 2014-01-06 15:24:15 -0500
Processing by PostsController#index as HTML
  [1m[36mPost Load (0.2ms)[0m  [1mSELECT "posts".* FROM "posts" [0m
  Rendered posts/index.html.erb within layouts/application (1.9ms)
Compiled application.css  (0ms)  (pid 35297)
Compiled application.js  (0ms)  (pid 35297)
Completed 200 OK in 29ms (Views: 27.3ms | ActiveRecord: 0.2ms)


Started GET "/assets/application.css?body=1" for 127.0.0.1 at 2014-01-06 15:24:15 -0500
Served asset /application.css - 200 OK (4ms)


Started GET "/assets/application.js?body=1" for 127.0.0.1 at 2014-01-06 15:24:15 -0500
Served asset /application.js - 200 OK (3ms)


Started GET "/posts/new" for 127.0.0.1 at 2014-01-06 15:24:24 -0500
Processing by PostsController#new as HTML
  Rendered posts/_form.html.erb (7.7ms)
  Rendered posts/new.html.erb within layouts/application (10.9ms)
Completed 200 OK in 28ms (Views: 23.0ms | ActiveRecord: 0.0ms)


Started POST "/posts" for 127.0.0.1 at 2014-01-06 15:24:29 -0500
Processing by PostsController#create as HTML
  Parameters: {"utf8"=>"✓", "authenticity_token"=>"mubf1PnIUnZfJHEQawErmNkD4lxfQ1dowAT2CjpXu1k=", "post"=>{"body"=>"get in dat", "title"=>"whaa"}, "commit"=>"Create Post"}
  [1m[35m (0.1ms)[0m  begin transaction
  [1m[36mSQL (5.5ms)[0m  [1mINSERT INTO "posts" ("body", "created_at", "title", "updated_at") VALUES (?, ?, ?, ?)[0m  [["body", "get in dat"], ["created_at", Mon, 06 Jan 2014 20:24:29 UTC +00:00], ["title", "whaa"], ["updated_at", Mon, 06 Jan 2014 20:24:29 UTC +00:00]]
  [1m[35m (0.9ms)[0m  commit transaction
Redirected to http://localhost:3000/posts/1
Completed 302 Found in 11ms (ActiveRecord: 6.5ms)


Started GET "/posts/1" for 127.0.0.1 at 2014-01-06 15:24:29 -0500
Processing by PostsController#show as HTML
  Parameters: {"id"=>"1"}
  [1m[36mPost Load (0.3ms)[0m  [1mSELECT "posts".* FROM "posts" WHERE "posts"."id" = ? LIMIT 1[0m  [["id", "1"]]
  Rendered posts/show.html.erb within layouts/application (2.1ms)
Completed 200 OK in 9ms (Views: 6.1ms | ActiveRecord: 0.3ms)


Started GET "/posts" for 127.0.0.1 at 2014-01-06 15:24:32 -0500
Processing by PostsController#index as HTML
  [1m[35mPost Load (0.2ms)[0m  SELECT "posts".* FROM "posts" 
  Rendered posts/index.html.erb within layouts/application (1.4ms)
Completed 200 OK in 6ms (Views: 4.5ms | ActiveRecord: 0.2ms)


Started GET "/posts/1" for 127.0.0.1 at 2014-01-06 15:24:58 -0500
Processing by PostsController#show as HTML
  Parameters: {"id"=>"1"}
  [1m[36mPost Load (0.1ms)[0m  [1mSELECT "posts".* FROM "posts" WHERE "posts"."id" = ? LIMIT 1[0m  [["id", "1"]]
  Rendered posts/show.html.erb within layouts/application (0.6ms)
Completed 200 OK in 4ms (Views: 2.9ms | ActiveRecord: 0.1ms)


Started GET "/posts" for 127.0.0.1 at 2014-01-06 15:24:59 -0500
Processing by PostsController#index as HTML
  [1m[35mPost Load (0.2ms)[0m  SELECT "posts".* FROM "posts" 
  Rendered posts/index.html.erb within layouts/application (1.3ms)
Completed 200 OK in 6ms (Views: 4.3ms | ActiveRecord: 0.2ms)
  [1m[36m (0.1ms)[0m  [1mSELECT "schema_migrations"."version" FROM "schema_migrations" [0m
Migrating to CreatePosts (20140106200230)
Migrating to CreateWinks (20140106200357)
  [1m[35m (0.0ms)[0m  select sqlite_version(*)
  [1m[36m (0.0ms)[0m  [1mbegin transaction[0m
  [1m[35m (0.4ms)[0m  CREATE TABLE "winks" ("id" INTEGER PRIMARY KEY AUTOINCREMENT NOT NULL, "subtext" text, "giver" varchar(255), "receiver" varchar(255), "created_at" datetime NOT NULL, "updated_at" datetime NOT NULL) 
  [1m[36m (0.1ms)[0m  [1mINSERT INTO "schema_migrations" ("version") VALUES ('20140106200357')[0m
  [1m[35m (0.9ms)[0m  commit transaction
  [1m[36m (0.3ms)[0m  [1mselect sqlite_version(*)[0m
  [1m[35m (0.1ms)[0m  SELECT "schema_migrations"."version" FROM "schema_migrations" 
  [1m[36m (0.0ms)[0m  [1mPRAGMA index_list("posts")[0m
  [1m[35m (0.0ms)[0m  PRAGMA index_list("winks")


Started GET "/posts" for 127.0.0.1 at 2014-01-06 16:15:54 -0500
Processing by PostsController#index as HTML
  [1m[36mPost Load (0.1ms)[0m  [1mSELECT "posts".* FROM "posts" [0m
  Rendered posts/index.html.erb within layouts/application (3.6ms)
Completed 200 OK in 53ms (Views: 46.6ms | ActiveRecord: 0.1ms)


Started GET "/assets/application.js?body=1" for 127.0.0.1 at 2014-01-06 16:15:54 -0500
Served asset /application.js - 304 Not Modified (1ms)


Started GET "/assets/application.css?body=1" for 127.0.0.1 at 2014-01-06 16:15:54 -0500
Served asset /application.css - 304 Not Modified (2ms)
